==60957== Memcheck, a memory error detector
==60957== Copyright (C) 2002-2022, and GNU GPL'd, by Julian Seward et al.
==60957== Using Valgrind-3.21.0.GIT-lbmacos and LibVEX; rerun with -h for copyright info
==60957== Command: ./fdf ./test_maps/t2.fdf
==60957== Parent PID: 39499
==60957== 
--60957-- run: /usr/bin/dsymutil "./fdf"
==60957== 
==60957== HEAP SUMMARY:
==60957==     in use at exit: 18,072 bytes in 162 blocks
==60957==   total heap usage: 9,465 allocs, 9,303 frees, 4,314,470 bytes allocated
==60957== 
==60957== LEAK SUMMARY:
==60957==    definitely lost: 0 bytes in 0 blocks
==60957==    indirectly lost: 0 bytes in 0 blocks
==60957==      possibly lost: 0 bytes in 0 blocks
==60957==    still reachable: 0 bytes in 0 blocks
==60957==         suppressed: 18,072 bytes in 162 blocks
==60957== 
==60957== For lists of detected and suppressed errors, rerun with: -s
==60957== ERROR SUMMARY: 0 errors from 0 contexts (suppressed: 7 from 7)
